[debug] [2026-02-27T20:30:06.843Z] ----------------------------------------------------------------------
[debug] [2026-02-27T20:30:06.847Z] Command:       C:\Program Files\nodejs\node.exe C:\Users\CodeExplorer\AppData\Roaming\npm\node_modules\firebase-tools\lib\bin\firebase.js init
[debug] [2026-02-27T20:30:06.848Z] CLI Version:   15.8.0
[debug] [2026-02-27T20:30:06.848Z] Platform:      win32
[debug] [2026-02-27T20:30:06.848Z] Node Version:  v24.13.0
[debug] [2026-02-27T20:30:06.848Z] Time:          Sat Feb 28 2026 04:30:06 GMT+0800 (China Standard Time)
[debug] [2026-02-27T20:30:06.849Z] ----------------------------------------------------------------------
[debug] 
[info] 
     ######## #### ########  ######## ########     ###     ######  ########
     ##        ##  ##     ## ##       ##     ##  ##   ##  ##       ##
     ######    ##  ########  ######   ########  #########  ######  ######
     ##        ##  ##    ##  ##       ##     ## ##     ##       ## ##
     ##       #### ##     ## ######## ########  ##     ##  ######  ########

You're about to initialize a Firebase project in this directory:

  C:\Users\CodeExplorer\Desktop\NeighborHub

[info] 
=== Project Setup
[info] 
[info] First, let's associate this project directory with a Firebase project.
[info] You can create multiple project aliases by running firebase use --add, 
[info] 
[debug] [2026-02-27T20:35:51.733Z] > command requires scopes: ["email","openid","https://www.googleapis.com/auth/cloudplatformprojects.readonly","https://www.googleapis.com/auth/firebase","https://www.googleapis.com/auth/cloud-platform"]
[debug] [2026-02-27T20:35:51.734Z] > authorizing via signed-in user (keiser0516@gmail.com)
[debug] [2026-02-27T20:35:51.737Z] Checked if tokens are valid: true, expires at: 1772227782367
[debug] [2026-02-27T20:35:51.737Z] Checked if tokens are valid: true, expires at: 1772227782367
[debug] [2026-02-27T20:35:51.740Z] >>> [apiv2][query] GET https://firebase.googleapis.com/v1beta1/projects pageSize=100
[debug] [2026-02-27T20:35:52.509Z] <<< [apiv2][status] GET https://firebase.googleapis.com/v1beta1/projects 200
[debug] [2026-02-27T20:35:52.510Z] <<< [apiv2][body] GET https://firebase.googleapis.com/v1beta1/projects [omitted]
